<?xml version="1.0" encoding="UTF-8"?>
<!-- Generated by org.testng.reporters.JUnitReportReporter -->
<testsuite hostname="LAPTOP-V6C11AH6" failures="0" tests="1" name="testcases.HomeTest" time="4.930" errors="0" timestamp="2022-03-13T17:22:41 IST" skipped="0">
  <testcase classname="testcases.HomeTest" name="test1" time="4.930"/>
  <system-out/>
</testsuite> <!-- testcases.HomeTest -->
