<?xml version="1.0" encoding="UTF-8"?>
<!-- Generated by org.testng.reporters.JUnitReportReporter -->
<testsuite hostname="LAPTOP-V6C11AH6" failures="0" tests="1" name="testcases.LoginTest" time="15.762" errors="0" timestamp="2022-03-12T13:01:08 IST" skipped="0">
  <testcase classname="testcases.LoginTest" name="FailedLogin" time="15.762"/>
  <system-out/>
</testsuite> <!-- testcases.LoginTest -->
