<?xml version="1.0" encoding="UTF-8"?>
<!-- Generated by org.testng.reporters.JUnitReportReporter -->
<testsuite hostname="LAPTOP-V6C11AH6" failures="0" tests="1" name="testcases.LoginTest" time="12.847" errors="0" timestamp="2022-03-13T17:21:03 IST" skipped="0">
  <testcase classname="testcases.LoginTest" name="extData" time="12.847"/>
  <system-out/>
</testsuite> <!-- testcases.LoginTest -->
