<?xml version="1.0" encoding="UTF-8"?>
<!-- Generated by org.testng.reporters.JUnitReportReporter -->
<testsuite skipped="0" hostname="LAPTOP-V6C11AH6" name="testcases.LoginTest" tests="4" failures="0" timestamp="2022-03-13T10:26:05 IST" time="52.884" errors="0">
  <testcase name="PassedLogin" time="16.329" classname="testcases.LoginTest"/>
  <system-out/>
  <testcase name="paramTest" time="13.203" classname="testcases.LoginTest"/>
  <system-out/>
  <testcase name="extData" time="11.467" classname="testcases.LoginTest"/>
  <system-out/>
  <testcase name="FailedLogin" time="11.885" classname="testcases.LoginTest"/>
  <system-out/>
</testsuite> <!-- testcases.LoginTest -->
