<?xml version="1.0" encoding="UTF-8"?>
<!-- Generated by org.testng.reporters.JUnitReportReporter -->
<testsuite skipped="0" hostname="LAPTOP-V6C11AH6" name="testcases.LoginTest" tests="4" failures="0" timestamp="2022-03-19T09:41:15 IST" time="62.092" errors="0">
  <testcase name="PassedLogin" time="16.736" classname="testcases.LoginTest"/>
  <system-out/>
  <testcase name="paramTest" time="16.184" classname="testcases.LoginTest"/>
  <system-out/>
  <testcase name="extData" time="12.854" classname="testcases.LoginTest"/>
  <system-out/>
  <testcase name="FailedLogin" time="16.318" classname="testcases.LoginTest"/>
  <system-out/>
</testsuite> <!-- testcases.LoginTest -->
